06-01 18:39:48 com_github_MitjaNemec_PlaceFootprints.action_place_footprints 674:Plugin executed on: 'darwin'
06-01 18:39:48 com_github_MitjaNemec_PlaceFootprints.action_place_footprints 675:Plugin executed with python version: '3.9.13 (v3.9.13:6de2ca5339, May 17 2022, 11:37:23) \n[Clang 13.0.0 (clang-1300.0.29.30)]'
06-01 18:39:48 com_github_MitjaNemec_PlaceFootprints.action_place_footprints 676:KiCad build version: 9.0.1
06-01 18:39:48 com_github_MitjaNemec_PlaceFootprints.action_place_footprints 677:Plugin version: 4.0.1
06-01 18:39:48 com_github_MitjaNemec_PlaceFootprints.action_place_footprints 678:Frame repr: <wx._core.Frame object at 0x310957430>
06-01 18:39:48 com_github_MitjaNemec_PlaceFootprints.place_footprints 121:getting a list of all footprints on board
06-01 18:39:48 com_github_MitjaNemec_PlaceFootprints.place_footprints 156:Footprint REF** on root level
06-01 18:39:48 com_github_MitjaNemec_PlaceFootprints.place_footprints 156:Footprint REF** on root level
06-01 18:39:48 com_github_MitjaNemec_PlaceFootprints.place_footprints 156:Footprint C9 on root level
06-01 18:39:48 com_github_MitjaNemec_PlaceFootprints.place_footprints 156:Footprint C6 on root level
06-01 18:39:48 com_github_MitjaNemec_PlaceFootprints.place_footprints 156:Footprint U1 on root level
06-01 18:39:48 com_github_MitjaNemec_PlaceFootprints.place_footprints 156:Footprint R4 on root level
06-01 18:39:48 com_github_MitjaNemec_PlaceFootprints.place_footprints 156:Footprint C11 on root level
06-01 18:39:48 com_github_MitjaNemec_PlaceFootprints.place_footprints 156:Footprint Y1 on root level
06-01 18:39:48 com_github_MitjaNemec_PlaceFootprints.place_footprints 156:Footprint R7 on root level
06-01 18:39:48 com_github_MitjaNemec_PlaceFootprints.place_footprints 156:Footprint REF** on root level
06-01 18:39:48 com_github_MitjaNemec_PlaceFootprints.place_footprints 156:Footprint REF** on root level
06-01 18:39:48 com_github_MitjaNemec_PlaceFootprints.place_footprints 156:Footprint REF** on root level
06-01 18:39:48 com_github_MitjaNemec_PlaceFootprints.place_footprints 156:Footprint REF** on root level
06-01 18:39:48 com_github_MitjaNemec_PlaceFootprints.place_footprints 156:Footprint C12 on root level
06-01 18:39:48 com_github_MitjaNemec_PlaceFootprints.place_footprints 156:Footprint J1 on root level
06-01 18:39:48 com_github_MitjaNemec_PlaceFootprints.place_footprints 156:Footprint REF** on root level
06-01 18:39:48 com_github_MitjaNemec_PlaceFootprints.place_footprints 156:Footprint U3 on root level
06-01 18:39:48 com_github_MitjaNemec_PlaceFootprints.place_footprints 156:Footprint TP1 on root level
06-01 18:39:48 com_github_MitjaNemec_PlaceFootprints.place_footprints 156:Footprint REF** on root level
06-01 18:39:48 com_github_MitjaNemec_PlaceFootprints.place_footprints 156:Footprint C13 on root level
06-01 18:39:48 com_github_MitjaNemec_PlaceFootprints.place_footprints 156:Footprint R2 on root level
06-01 18:39:48 com_github_MitjaNemec_PlaceFootprints.place_footprints 156:Footprint REF** on root level
06-01 18:39:48 com_github_MitjaNemec_PlaceFootprints.place_footprints 156:Footprint R6 on root level
06-01 18:39:48 com_github_MitjaNemec_PlaceFootprints.place_footprints 156:Footprint REF** on root level
06-01 18:39:48 com_github_MitjaNemec_PlaceFootprints.place_footprints 156:Footprint U4 on root level
06-01 18:39:48 com_github_MitjaNemec_PlaceFootprints.place_footprints 156:Footprint C1 on root level
06-01 18:39:48 com_github_MitjaNemec_PlaceFootprints.place_footprints 156:Footprint C8 on root level
06-01 18:39:48 com_github_MitjaNemec_PlaceFootprints.place_footprints 156:Footprint U2 on root level
06-01 18:39:48 com_github_MitjaNemec_PlaceFootprints.place_footprints 156:Footprint C7 on root level
06-01 18:39:48 com_github_MitjaNemec_PlaceFootprints.place_footprints 156:Footprint J2 on root level
06-01 18:39:48 com_github_MitjaNemec_PlaceFootprints.place_footprints 156:Footprint C4 on root level
06-01 18:39:48 com_github_MitjaNemec_PlaceFootprints.place_footprints 156:Footprint REF** on root level
06-01 18:39:48 com_github_MitjaNemec_PlaceFootprints.place_footprints 156:Footprint R1 on root level
06-01 18:39:48 com_github_MitjaNemec_PlaceFootprints.place_footprints 156:Footprint REF** on root level
06-01 18:39:48 com_github_MitjaNemec_PlaceFootprints.place_footprints 156:Footprint R3 on root level
06-01 18:39:48 com_github_MitjaNemec_PlaceFootprints.place_footprints 156:Footprint R5 on root level
06-01 18:39:48 com_github_MitjaNemec_PlaceFootprints.place_footprints 156:Footprint F1 on root level
06-01 18:39:48 com_github_MitjaNemec_PlaceFootprints.place_footprints 156:Footprint C10 on root level
06-01 18:39:48 com_github_MitjaNemec_PlaceFootprints.place_footprints 156:Footprint REF** on root level
06-01 18:39:48 com_github_MitjaNemec_PlaceFootprints.place_footprints 156:Footprint REF** on root level
06-01 18:39:48 com_github_MitjaNemec_PlaceFootprints.place_footprints 156:Footprint C2 on root level
06-01 18:39:48 com_github_MitjaNemec_PlaceFootprints.place_footprints 156:Footprint G*** on root level
06-01 18:39:48 com_github_MitjaNemec_PlaceFootprints.action_place_footprints 717:Reference footprint='MX49'
06-01 18:39:49 com_github_MitjaNemec_PlaceFootprints.action_place_footprints 858:Reference designator is: MX
06-01 18:39:49 com_github_MitjaNemec_PlaceFootprints.action_place_footprints 859:Reference number is: 49
06-01 18:39:49 com_github_MitjaNemec_PlaceFootprints.action_place_footprints 891:Sorted and filtered list:
['MX1', 'MX2', 'MX3', 'MX4', 'MX5', 'MX6', 'MX7', 'MX8', 'MX9', 'MX10', 'MX11', 'MX12', 'MX13', 'MX14', 'MX15', 'MX16', 'MX17', 'MX18', 'MX19', 'MX20', 'MX21', 'MX22', 'MX23', 'MX24', 'MX25', 'MX26', 'MX27', 'MX28', 'MX29', 'MX30', 'MX31', 'MX32', 'MX33', 'MX34', 'MX35', 'MX36', 'MX37', 'MX38', 'MX39', 'MX40', 'MX41', 'MX42', 'MX43', 'MX44', 'MX45', 'MX46', 'MX47', 'MX48', 'MX49', 'MX50', 'MX51', 'MX52', 'MX53', 'MX54', 'MX55', 'MX56', 'MX57', 'MX58', 'MX59', 'MX60', 'MX61', 'MX62', 'MX63', 'MX64']
06-01 18:39:49 com_github_MitjaNemec_PlaceFootprints.action_place_footprints 376:wx.Colour(38, 38, 38, 255)
